running develop
running egg_info
creating object_detection.egg-info
writing object_detection.egg-info/PKG-INFO
writing dependency_links to object_detection.egg-info/dependency_links.txt
writing entry points to object_detection.egg-info/entry_points.txt
writing requirements to object_detection.egg-info/requires.txt
writing top-level names to object_detection.egg-info/top_level.txt
writing manifest file 'object_detection.egg-info/SOURCES.txt'
reading manifest file 'object_detection.egg-info/SOURCES.txt'
writing manifest file 'object_detection.egg-info/SOURCES.txt'
running build_ext
Creating /home/angel/My_ws/src/object_detection/install/object_detection/lib/python3.10/site-packages/object-detection.egg-link (link to .)
Installing obstacle_detector script to /home/angel/My_ws/src/object_detection/install/object_detection/lib/object_detection
Installing obstacle_monitor script to /home/angel/My_ws/src/object_detection/install/object_detection/lib/object_detection

Installed /home/angel/My_ws/src/object_detection/build/object_detection
running install_data
creating /home/angel/My_ws/src/object_detection/install/object_detection/share/ament_index
creating /home/angel/My_ws/src/object_detection/install/object_detection/share/ament_index/resource_index
creating /home/angel/My_ws/src/object_detection/install/object_detection/share/ament_index/resource_index/packages
copying resource/object_detection -> /home/angel/My_ws/src/object_detection/install/object_detection/share/ament_index/resource_index/packages
copying package.xml -> /home/angel/My_ws/src/object_detection/install/object_detection/share/object_detection
creating /home/angel/My_ws/src/object_detection/install/object_detection/share/object_detection/launch
copying launch/detector.launch.py -> /home/angel/My_ws/src/object_detection/install/object_detection/share/object_detection/launch
