[1.901s] Invoking command in '/home/angel/My_ws/src/object_detection/build/object_detection': PYTHONPATH=/home/angel/My_ws/src/object_detection/build/object_detection/prefix_override:/home/angel/My_ws/src/object_detection/install/object_detection/lib/python3.10/site-packages:${PYTHONPATH} /usr/bin/python3 setup.py develop --editable --build-directory /home/angel/My_ws/src/object_detection/build/object_detection/build --no-deps install_data
[2.339s] running develop
[2.736s] running egg_info
[2.736s] creating object_detection.egg-info
[2.736s] writing object_detection.egg-info/PKG-INFO
[2.737s] writing dependency_links to object_detection.egg-info/dependency_links.txt
[2.737s] writing entry points to object_detection.egg-info/entry_points.txt
[2.737s] writing requirements to object_detection.egg-info/requires.txt
[2.738s] writing top-level names to object_detection.egg-info/top_level.txt
[2.738s] writing manifest file 'object_detection.egg-info/SOURCES.txt'
[2.741s] reading manifest file 'object_detection.egg-info/SOURCES.txt'
[2.743s] writing manifest file 'object_detection.egg-info/SOURCES.txt'
[2.745s] running build_ext
[2.746s] Creating /home/angel/My_ws/src/object_detection/install/object_detection/lib/python3.10/site-packages/object-detection.egg-link (link to .)
[2.747s] Installing obstacle_detector script to /home/angel/My_ws/src/object_detection/install/object_detection/lib/object_detection
[2.747s] Installing obstacle_monitor script to /home/angel/My_ws/src/object_detection/install/object_detection/lib/object_detection
[2.748s] 
[2.748s] Installed /home/angel/My_ws/src/object_detection/build/object_detection
[2.748s] running install_data
[2.748s] creating /home/angel/My_ws/src/object_detection/install/object_detection/share/ament_index
[2.748s] creating /home/angel/My_ws/src/object_detection/install/object_detection/share/ament_index/resource_index
[2.748s] creating /home/angel/My_ws/src/object_detection/install/object_detection/share/ament_index/resource_index/packages
[2.751s] copying resource/object_detection -> /home/angel/My_ws/src/object_detection/install/object_detection/share/ament_index/resource_index/packages
[2.751s] copying package.xml -> /home/angel/My_ws/src/object_detection/install/object_detection/share/object_detection
[2.751s] creating /home/angel/My_ws/src/object_detection/install/object_detection/share/object_detection/launch
[2.751s] copying launch/detector.launch.py -> /home/angel/My_ws/src/object_detection/install/object_detection/share/object_detection/launch
[2.808s] Invoked command in '/home/angel/My_ws/src/object_detection/build/object_detection' returned '0': PYTHONPATH=/home/angel/My_ws/src/object_detection/build/object_detection/prefix_override:/home/angel/My_ws/src/object_detection/install/object_detection/lib/python3.10/site-packages:${PYTHONPATH} /usr/bin/python3 setup.py develop --editable --build-directory /home/angel/My_ws/src/object_detection/build/object_detection/build --no-deps install_data
