running develop
running egg_info
creating my_robot.egg-info
writing my_robot.egg-info/PKG-INFO
writing dependency_links to my_robot.egg-info/dependency_links.txt
writing entry points to my_robot.egg-info/entry_points.txt
writing requirements to my_robot.egg-info/requires.txt
writing top-level names to my_robot.egg-info/top_level.txt
writing manifest file 'my_robot.egg-info/SOURCES.txt'
reading manifest file 'my_robot.egg-info/SOURCES.txt'
writing manifest file 'my_robot.egg-info/SOURCES.txt'
running build_ext
Creating /home/angel/My_ws/src/my_robot/install/my_robot/lib/python3.10/site-packages/my-robot.egg-link (link to .)

Installed /home/angel/My_ws/src/my_robot/build/my_robot
running install_data
creating /home/angel/My_ws/src/my_robot/install/my_robot/share/ament_index
creating /home/angel/My_ws/src/my_robot/install/my_robot/share/ament_index/resource_index
creating /home/angel/My_ws/src/my_robot/install/my_robot/share/ament_index/resource_index/packages
copying resource/my_robot -> /home/angel/My_ws/src/my_robot/install/my_robot/share/ament_index/resource_index/packages
copying package.xml -> /home/angel/My_ws/src/my_robot/install/my_robot/share/my_robot
