[2.117s] Invoking command in '/home/angel/My_ws/src/object_detection/build/object_detection': PYTHONPATH=/home/angel/My_ws/src/object_detection/build/object_detection/prefix_override:/home/angel/My_ws/src/object_detection/install/object_detection/lib/python3.10/site-packages:${PYTHONPATH} /usr/bin/python3 setup.py develop --editable --build-directory /home/angel/My_ws/src/object_detection/build/object_detection/build --no-deps install_data
[2.536s] running develop
[2.820s] running egg_info
[2.820s] writing object_detection.egg-info/PKG-INFO
[2.820s] writing dependency_links to object_detection.egg-info/dependency_links.txt
[2.821s] writing entry points to object_detection.egg-info/entry_points.txt
[2.821s] writing requirements to object_detection.egg-info/requires.txt
[2.821s] writing top-level names to object_detection.egg-info/top_level.txt
[2.824s] reading manifest file 'object_detection.egg-info/SOURCES.txt'
[2.831s] writing manifest file 'object_detection.egg-info/SOURCES.txt'
[2.834s] running build_ext
[2.834s] Creating /home/angel/My_ws/src/object_detection/install/object_detection/lib/python3.10/site-packages/object-detection.egg-link (link to .)
[2.835s] Installing obstacle_detector script to /home/angel/My_ws/src/object_detection/install/object_detection/lib/object_detection
[2.835s] Installing obstacle_detector_2 script to /home/angel/My_ws/src/object_detection/install/object_detection/lib/object_detection
[2.836s] Installing obstacle_monitor script to /home/angel/My_ws/src/object_detection/install/object_detection/lib/object_detection
[2.836s] 
[2.836s] Installed /home/angel/My_ws/src/object_detection/build/object_detection
[2.836s] running install_data
[2.837s] copying launch/detector_2.launch.py -> /home/angel/My_ws/src/object_detection/install/object_detection/share/object_detection/launch
[2.848s] copying launch/detector.launch.py -> /home/angel/My_ws/src/object_detection/install/object_detection/share/object_detection/launch
[2.893s] Invoked command in '/home/angel/My_ws/src/object_detection/build/object_detection' returned '0': PYTHONPATH=/home/angel/My_ws/src/object_detection/build/object_detection/prefix_override:/home/angel/My_ws/src/object_detection/install/object_detection/lib/python3.10/site-packages:${PYTHONPATH} /usr/bin/python3 setup.py develop --editable --build-directory /home/angel/My_ws/src/object_detection/build/object_detection/build --no-deps install_data
