[0.439s] DEBUG:colcon:Command line arguments: ['/usr/bin/colcon', 'build', '--symlink-install']
[0.439s] DEBUG:colcon:Parsed command line arguments: Namespace(log_base=None, log_level=None, verb_name='build', build_base='build', install_base='install', merge_install=False, symlink_install=True, test_result_base=None, continue_on_error=False, executor='parallel', parallel_workers=4, event_handlers=None, ignore_user_meta=False, metas=['./colcon.meta'], base_paths=['.'], packages_ignore=None, packages_ignore_regex=None, paths=None, packages_up_to=None, packages_up_to_regex=None, packages_above=None, packages_above_and_dependencies=None, packages_above_depth=None, packages_select_by_dep=None, packages_skip_by_dep=None, packages_skip_up_to=None, packages_select_build_failed=False, packages_skip_build_finished=False, packages_select_test_failures=False, packages_skip_test_passed=False, packages_select=None, packages_skip=None, packages_select_regex=None, packages_skip_regex=None, packages_start=None, packages_end=None, allow_overriding=[], cmake_args=None, cmake_target=None, cmake_target_skip_unavailable=False, cmake_clean_cache=False, cmake_clean_first=False, cmake_force_configure=False, ament_cmake_args=None, catkin_cmake_args=None, catkin_skip_building_tests=False, mixin_files=None, mixin=None, verb_parser=<colcon_mixin.mixin.mixin_argument.MixinArgumentDecorator object at 0x7f21af743130>, verb_extension=<colcon_core.verb.build.BuildVerb object at 0x7f21af7439d0>, main=<bound method BuildVerb.main of <colcon_core.verb.build.BuildVerb object at 0x7f21af7439d0>>, mixin_verb=('build',))
[0.478s] Level 1:colcon.colcon_core.package_discovery:discover_packages(colcon_meta) check parameters
[0.478s] Level 1:colcon.colcon_core.package_discovery:discover_packages(recursive) check parameters
[0.478s] Level 1:colcon.colcon_core.package_discovery:discover_packages(ignore) check parameters
[0.478s] Level 1:colcon.colcon_core.package_discovery:discover_packages(path) check parameters
[0.478s] Level 1:colcon.colcon_core.package_discovery:discover_packages(colcon_meta) discover
[0.478s] Level 1:colcon.colcon_core.package_discovery:discover_packages(recursive) discover
[0.478s] INFO:colcon.colcon_core.package_discovery:Crawling recursively for packages in '/home/angel/My_ws/src/my_robot'
[0.478s] Level 1:colcon.colcon_core.package_identification:_identify(.) by extensions ['ignore', 'ignore_ament_install']
[0.478s] Level 1:colcon.colcon_core.package_identification:_identify(.) by extension 'ignore'
[0.478s] Level 1:colcon.colcon_core.package_identification:_identify(.) by extension 'ignore_ament_install'
[0.478s] Level 1:colcon.colcon_core.package_identification:_identify(.) by extensions ['colcon_pkg']
[0.478s] Level 1:colcon.colcon_core.package_identification:_identify(.) by extension 'colcon_pkg'
[0.479s] Level 1:colcon.colcon_core.package_identification:_identify(.) by extensions ['colcon_meta']
[0.479s] Level 1:colcon.colcon_core.package_identification:_identify(.) by extension 'colcon_meta'
[0.479s] Level 1:colcon.colcon_core.package_identification:_identify(.) by extensions ['ros']
[0.479s] Level 1:colcon.colcon_core.package_identification:_identify(.) by extension 'ros'
[0.500s] DEBUG:colcon.colcon_core.package_identification:Package '.' with type 'ros.ament_python' and name 'my_robot'
[0.500s] Level 1:colcon.colcon_core.package_discovery:discover_packages(recursive) using defaults
[0.500s] Level 1:colcon.colcon_core.package_discovery:discover_packages(ignore) discover
[0.500s] Level 1:colcon.colcon_core.package_discovery:discover_packages(ignore) using defaults
[0.500s] Level 1:colcon.colcon_core.package_discovery:discover_packages(path) discover
[0.500s] Level 1:colcon.colcon_core.package_discovery:discover_packages(path) using defaults
[0.541s] Level 1:colcon.colcon_core.package_discovery:discover_packages(prefix_path) check parameters
[0.541s] Level 1:colcon.colcon_core.package_discovery:discover_packages(prefix_path) discover
[0.547s] DEBUG:colcon.colcon_installed_package_information.package_discovery:Found 1 installed packages in /home/angel/My_ws/install
[0.550s] DEBUG:colcon.colcon_installed_package_information.package_discovery:Found 368 installed packages in /opt/ros/humble
[0.553s] Level 1:colcon.colcon_core.package_discovery:discover_packages(prefix_path) using defaults
[0.668s] Level 5:colcon.colcon_core.verb:set package 'my_robot' build argument 'cmake_args' from command line to 'None'
[0.668s] Level 5:colcon.colcon_core.verb:set package 'my_robot' build argument 'cmake_target' from command line to 'None'
[0.668s] Level 5:colcon.colcon_core.verb:set package 'my_robot' build argument 'cmake_target_skip_unavailable' from command line to 'False'
[0.668s] Level 5:colcon.colcon_core.verb:set package 'my_robot' build argument 'cmake_clean_cache' from command line to 'False'
[0.668s] Level 5:colcon.colcon_core.verb:set package 'my_robot' build argument 'cmake_clean_first' from command line to 'False'
[0.668s] Level 5:colcon.colcon_core.verb:set package 'my_robot' build argument 'cmake_force_configure' from command line to 'False'
[0.668s] Level 5:colcon.colcon_core.verb:set package 'my_robot' build argument 'ament_cmake_args' from command line to 'None'
[0.668s] Level 5:colcon.colcon_core.verb:set package 'my_robot' build argument 'catkin_cmake_args' from command line to 'None'
[0.668s] Level 5:colcon.colcon_core.verb:set package 'my_robot' build argument 'catkin_skip_building_tests' from command line to 'False'
[0.668s] DEBUG:colcon.colcon_core.verb:Building package 'my_robot' with the following arguments: {'ament_cmake_args': None, 'build_base': '/home/angel/My_ws/src/my_robot/build/my_robot', 'catkin_cmake_args': None, 'catkin_skip_building_tests': False, 'cmake_args': None, 'cmake_clean_cache': False, 'cmake_clean_first': False, 'cmake_force_configure': False, 'cmake_target': None, 'cmake_target_skip_unavailable': False, 'install_base': '/home/angel/My_ws/src/my_robot/install/my_robot', 'merge_install': False, 'path': '/home/angel/My_ws/src/my_robot', 'symlink_install': True, 'test_result_base': None}
[0.669s] INFO:colcon.colcon_core.executor:Executing jobs using 'parallel' executor
[0.674s] DEBUG:colcon.colcon_parallel_executor.executor.parallel:run_until_complete
[0.674s] INFO:colcon.colcon_ros.task.ament_python.build:Building ROS package in '/home/angel/My_ws/src/my_robot' with build type 'ament_python'
[0.674s] Level 1:colcon.colcon_core.shell:create_environment_hook('my_robot', 'ament_prefix_path')
[0.685s] INFO:colcon.colcon_core.plugin_system:Skipping extension 'colcon_core.shell.bat': Not used on non-Windows systems
[0.685s] INFO:colcon.colcon_core.shell:Creating environment hook '/home/angel/My_ws/src/my_robot/install/my_robot/share/my_robot/hook/ament_prefix_path.ps1'
[0.687s] INFO:colcon.colcon_core.shell:Creating environment descriptor '/home/angel/My_ws/src/my_robot/install/my_robot/share/my_robot/hook/ament_prefix_path.dsv'
[0.687s] INFO:colcon.colcon_core.shell:Creating environment hook '/home/angel/My_ws/src/my_robot/install/my_robot/share/my_robot/hook/ament_prefix_path.sh'
[0.691s] INFO:colcon.colcon_core.shell:Skip shell extension 'powershell' for command environment: Not usable outside of PowerShell
[0.691s] DEBUG:colcon.colcon_core.shell:Skip shell extension 'dsv' for command environment
[1.157s] INFO:colcon.colcon_core.task.python.build:Building Python package in '/home/angel/My_ws/src/my_robot'
[1.158s] INFO:colcon.colcon_core.shell:Skip shell extension 'powershell' for command environment: Not usable outside of PowerShell
[1.158s] DEBUG:colcon.colcon_core.shell:Skip shell extension 'dsv' for command environment
[1.701s] DEBUG:colcon.colcon_core.event_handler.log_command:Invoking command in '/home/angel/My_ws/src/my_robot/build/my_robot': PYTHONPATH=/home/angel/My_ws/src/my_robot/build/my_robot/prefix_override:/home/angel/My_ws/src/my_robot/install/my_robot/lib/python3.10/site-packages:${PYTHONPATH} /usr/bin/python3 setup.py develop --editable --build-directory /home/angel/My_ws/src/my_robot/build/my_robot/build --no-deps install_data
[2.566s] Level 1:colcon.colcon_core.shell:create_environment_hook('my_robot', 'pythonpath_develop')
[2.569s] INFO:colcon.colcon_core.shell:Creating environment hook '/home/angel/My_ws/src/my_robot/build/my_robot/share/my_robot/hook/pythonpath_develop.ps1'
[2.569s] DEBUG:colcon.colcon_core.event_handler.log_command:Invoked command in '/home/angel/My_ws/src/my_robot/build/my_robot' returned '0': PYTHONPATH=/home/angel/My_ws/src/my_robot/build/my_robot/prefix_override:/home/angel/My_ws/src/my_robot/install/my_robot/lib/python3.10/site-packages:${PYTHONPATH} /usr/bin/python3 setup.py develop --editable --build-directory /home/angel/My_ws/src/my_robot/build/my_robot/build --no-deps install_data
[2.570s] INFO:colcon.colcon_core.shell:Creating environment descriptor '/home/angel/My_ws/src/my_robot/build/my_robot/share/my_robot/hook/pythonpath_develop.dsv'
[2.571s] INFO:colcon.colcon_core.shell:Creating environment hook '/home/angel/My_ws/src/my_robot/build/my_robot/share/my_robot/hook/pythonpath_develop.sh'
[2.582s] Level 1:colcon.colcon_core.environment:checking '/home/angel/My_ws/src/my_robot/install/my_robot' for CMake module files
[2.583s] Level 1:colcon.colcon_core.environment:checking '/home/angel/My_ws/src/my_robot/install/my_robot' for CMake config files
[2.584s] Level 1:colcon.colcon_core.environment:checking '/home/angel/My_ws/src/my_robot/install/my_robot/lib'
[2.584s] Level 1:colcon.colcon_core.environment:checking '/home/angel/My_ws/src/my_robot/install/my_robot/bin'
[2.584s] Level 1:colcon.colcon_core.environment:checking '/home/angel/My_ws/src/my_robot/install/my_robot/lib/pkgconfig/my_robot.pc'
[2.584s] Level 1:colcon.colcon_core.environment:checking '/home/angel/My_ws/src/my_robot/install/my_robot/lib/python3.10/site-packages'
[2.584s] Level 1:colcon.colcon_core.shell:create_environment_hook('my_robot', 'pythonpath')
[2.586s] INFO:colcon.colcon_core.shell:Creating environment hook '/home/angel/My_ws/src/my_robot/install/my_robot/share/my_robot/hook/pythonpath.ps1'
[2.586s] INFO:colcon.colcon_core.shell:Creating environment descriptor '/home/angel/My_ws/src/my_robot/install/my_robot/share/my_robot/hook/pythonpath.dsv'
[2.587s] INFO:colcon.colcon_core.shell:Creating environment hook '/home/angel/My_ws/src/my_robot/install/my_robot/share/my_robot/hook/pythonpath.sh'
[2.587s] Level 1:colcon.colcon_core.environment:checking '/home/angel/My_ws/src/my_robot/install/my_robot/bin'
[2.588s] Level 1:colcon.colcon_core.environment:create_environment_scripts_only(my_robot)
[2.590s] INFO:colcon.colcon_core.shell:Creating package script '/home/angel/My_ws/src/my_robot/install/my_robot/share/my_robot/package.ps1'
[2.592s] INFO:colcon.colcon_core.shell:Creating package descriptor '/home/angel/My_ws/src/my_robot/install/my_robot/share/my_robot/package.dsv'
[2.593s] INFO:colcon.colcon_core.shell:Creating package script '/home/angel/My_ws/src/my_robot/install/my_robot/share/my_robot/package.sh'
[2.595s] INFO:colcon.colcon_core.shell:Creating package script '/home/angel/My_ws/src/my_robot/install/my_robot/share/my_robot/package.bash'
[2.597s] INFO:colcon.colcon_core.shell:Creating package script '/home/angel/My_ws/src/my_robot/install/my_robot/share/my_robot/package.zsh'
[2.598s] Level 1:colcon.colcon_core.environment:create_file_with_runtime_dependencies(/home/angel/My_ws/src/my_robot/install/my_robot/share/colcon-core/packages/my_robot)
[2.598s] DEBUG:colcon.colcon_parallel_executor.executor.parallel:closing loop
[2.599s] DEBUG:colcon.colcon_parallel_executor.executor.parallel:loop closed
[2.599s] DEBUG:colcon.colcon_parallel_executor.executor.parallel:run_until_complete finished with '0'
[2.599s] DEBUG:colcon.colcon_core.event_reactor:joining thread
[2.707s] INFO:colcon.colcon_core.plugin_system:Skipping extension 'colcon_notification.desktop_notification.terminal_notifier': Not used on non-Darwin systems
[2.707s] INFO:colcon.colcon_core.plugin_system:Skipping extension 'colcon_notification.desktop_notification.win32': Not used on non-Windows systems
[2.708s] INFO:colcon.colcon_notification.desktop_notification:Sending desktop notification using 'notify2'
[2.760s] DEBUG:colcon.colcon_core.event_reactor:joined thread
[2.766s] INFO:colcon.colcon_core.shell:Creating prefix script '/home/angel/My_ws/src/my_robot/install/local_setup.ps1'
[2.769s] INFO:colcon.colcon_core.shell:Creating prefix util module '/home/angel/My_ws/src/my_robot/install/_local_setup_util_ps1.py'
[2.777s] INFO:colcon.colcon_core.shell:Creating prefix chain script '/home/angel/My_ws/src/my_robot/install/setup.ps1'
[2.785s] INFO:colcon.colcon_core.shell:Creating prefix script '/home/angel/My_ws/src/my_robot/install/local_setup.sh'
[2.787s] INFO:colcon.colcon_core.shell:Creating prefix util module '/home/angel/My_ws/src/my_robot/install/_local_setup_util_sh.py'
[2.789s] INFO:colcon.colcon_core.shell:Creating prefix chain script '/home/angel/My_ws/src/my_robot/install/setup.sh'
[2.797s] INFO:colcon.colcon_core.shell:Creating prefix script '/home/angel/My_ws/src/my_robot/install/local_setup.bash'
[2.799s] INFO:colcon.colcon_core.shell:Creating prefix chain script '/home/angel/My_ws/src/my_robot/install/setup.bash'
[2.805s] INFO:colcon.colcon_core.shell:Creating prefix script '/home/angel/My_ws/src/my_robot/install/local_setup.zsh'
[2.808s] INFO:colcon.colcon_core.shell:Creating prefix chain script '/home/angel/My_ws/src/my_robot/install/setup.zsh'
