[0.958s] Invoking command in '/home/angel/My_ws/src/my_robot/build/my_robot': PYTHONPATH=/home/angel/My_ws/src/my_robot/build/my_robot/prefix_override:/home/angel/My_ws/src/my_robot/install/my_robot/lib/python3.10/site-packages:${PYTHONPATH} /usr/bin/python3 setup.py develop --editable --build-directory /home/angel/My_ws/src/my_robot/build/my_robot/build --no-deps install_data
[1.337s] running develop
[1.573s] running egg_info
[1.574s] writing my_robot.egg-info/PKG-INFO
[1.574s] writing dependency_links to my_robot.egg-info/dependency_links.txt
[1.574s] writing entry points to my_robot.egg-info/entry_points.txt
[1.574s] writing requirements to my_robot.egg-info/requires.txt
[1.574s] writing top-level names to my_robot.egg-info/top_level.txt
[1.578s] reading manifest file 'my_robot.egg-info/SOURCES.txt'
[1.592s] writing manifest file 'my_robot.egg-info/SOURCES.txt'
[1.595s] running build_ext
[1.595s] Creating /home/angel/My_ws/src/my_robot/install/my_robot/lib/python3.10/site-packages/my-robot.egg-link (link to .)
[1.597s] 
[1.597s] Installed /home/angel/My_ws/src/my_robot/build/my_robot
[1.597s] running install_data
[1.597s] copying launch/launch_sim.launch.py -> /home/angel/My_ws/src/my_robot/install/my_robot/share/my_robot
[1.598s] copying launch/rsp.launch.py -> /home/angel/My_ws/src/my_robot/install/my_robot/share/my_robot
[1.598s] copying description/gazebo_control.xacro -> /home/angel/My_ws/src/my_robot/install/my_robot/share/my_robot
[1.598s] copying description/robot_core.xacro -> /home/angel/My_ws/src/my_robot/install/my_robot/share/my_robot
[1.599s] copying description/view_bot.rviz -> /home/angel/My_ws/src/my_robot/install/my_robot/share/my_robot
[1.599s] copying description/inertial_macros.xacro -> /home/angel/My_ws/src/my_robot/install/my_robot/share/my_robot
[1.599s] copying description/robot.urdf.xacro -> /home/angel/My_ws/src/my_robot/install/my_robot/share/my_robot
[1.649s] Invoked command in '/home/angel/My_ws/src/my_robot/build/my_robot' returned '0': PYTHONPATH=/home/angel/My_ws/src/my_robot/build/my_robot/prefix_override:/home/angel/My_ws/src/my_robot/install/my_robot/lib/python3.10/site-packages:${PYTHONPATH} /usr/bin/python3 setup.py develop --editable --build-directory /home/angel/My_ws/src/my_robot/build/my_robot/build --no-deps install_data
