[0.496s] DEBUG:colcon:Command line arguments: ['/usr/bin/colcon', 'build', '--symlink-install']
[0.496s] DEBUG:colcon:Parsed command line arguments: Namespace(log_base=None, log_level=None, verb_name='build', build_base='build', install_base='install', merge_install=False, symlink_install=True, test_result_base=None, continue_on_error=False, executor='parallel', parallel_workers=4, event_handlers=None, ignore_user_meta=False, metas=['./colcon.meta'], base_paths=['.'], packages_ignore=None, packages_ignore_regex=None, paths=None, packages_up_to=None, packages_up_to_regex=None, packages_above=None, packages_above_and_dependencies=None, packages_above_depth=None, packages_select_by_dep=None, packages_skip_by_dep=None, packages_skip_up_to=None, packages_select_build_failed=False, packages_skip_build_finished=False, packages_select_test_failures=False, packages_skip_test_passed=False, packages_select=None, packages_skip=None, packages_select_regex=None, packages_skip_regex=None, packages_start=None, packages_end=None, allow_overriding=[], cmake_args=None, cmake_target=None, cmake_target_skip_unavailable=False, cmake_clean_cache=False, cmake_clean_first=False, cmake_force_configure=False, ament_cmake_args=None, catkin_cmake_args=None, catkin_skip_building_tests=False, mixin_files=None, mixin=None, verb_parser=<colcon_mixin.mixin.mixin_argument.MixinArgumentDecorator object at 0x7f85e6c8afe0>, verb_extension=<colcon_core.verb.build.BuildVerb object at 0x7f85e6c8b970>, main=<bound method BuildVerb.main of <colcon_core.verb.build.BuildVerb object at 0x7f85e6c8b970>>, mixin_verb=('build',))
[0.540s] Level 1:colcon.colcon_core.package_discovery:discover_packages(colcon_meta) check parameters
[0.540s] Level 1:colcon.colcon_core.package_discovery:discover_packages(recursive) check parameters
[0.541s] Level 1:colcon.colcon_core.package_discovery:discover_packages(ignore) check parameters
[0.541s] Level 1:colcon.colcon_core.package_discovery:discover_packages(path) check parameters
[0.541s] Level 1:colcon.colcon_core.package_discovery:discover_packages(colcon_meta) discover
[0.541s] Level 1:colcon.colcon_core.package_discovery:discover_packages(recursive) discover
[0.541s] INFO:colcon.colcon_core.package_discovery:Crawling recursively for packages in '/home/angel/My_ws/src/my_robot'
[0.541s] Level 1:colcon.colcon_core.package_identification:_identify(.) by extensions ['ignore', 'ignore_ament_install']
[0.541s] Level 1:colcon.colcon_core.package_identification:_identify(.) by extension 'ignore'
[0.541s] Level 1:colcon.colcon_core.package_identification:_identify(.) by extension 'ignore_ament_install'
[0.541s] Level 1:colcon.colcon_core.package_identification:_identify(.) by extensions ['colcon_pkg']
[0.541s] Level 1:colcon.colcon_core.package_identification:_identify(.) by extension 'colcon_pkg'
[0.542s] Level 1:colcon.colcon_core.package_identification:_identify(.) by extensions ['colcon_meta']
[0.542s] Level 1:colcon.colcon_core.package_identification:_identify(.) by extension 'colcon_meta'
[0.542s] Level 1:colcon.colcon_core.package_identification:_identify(.) by extensions ['ros']
[0.542s] Level 1:colcon.colcon_core.package_identification:_identify(.) by extension 'ros'
[0.559s] DEBUG:colcon.colcon_core.package_identification:Package '.' with type 'ros.ament_python' and name 'my_robot'
[0.559s] Level 1:colcon.colcon_core.package_discovery:discover_packages(recursive) using defaults
[0.559s] Level 1:colcon.colcon_core.package_discovery:discover_packages(ignore) discover
[0.559s] Level 1:colcon.colcon_core.package_discovery:discover_packages(ignore) using defaults
[0.559s] Level 1:colcon.colcon_core.package_discovery:discover_packages(path) discover
[0.559s] Level 1:colcon.colcon_core.package_discovery:discover_packages(path) using defaults
[0.592s] Level 1:colcon.colcon_core.package_discovery:discover_packages(prefix_path) check parameters
[0.592s] Level 1:colcon.colcon_core.package_discovery:discover_packages(prefix_path) discover
[0.600s] DEBUG:colcon.colcon_installed_package_information.package_discovery:Found 368 installed packages in /opt/ros/humble
[0.602s] Level 1:colcon.colcon_core.package_discovery:discover_packages(prefix_path) using defaults
[0.698s] Level 5:colcon.colcon_core.verb:set package 'my_robot' build argument 'cmake_args' from command line to 'None'
[0.698s] Level 5:colcon.colcon_core.verb:set package 'my_robot' build argument 'cmake_target' from command line to 'None'
[0.698s] Level 5:colcon.colcon_core.verb:set package 'my_robot' build argument 'cmake_target_skip_unavailable' from command line to 'False'
[0.698s] Level 5:colcon.colcon_core.verb:set package 'my_robot' build argument 'cmake_clean_cache' from command line to 'False'
[0.699s] Level 5:colcon.colcon_core.verb:set package 'my_robot' build argument 'cmake_clean_first' from command line to 'False'
[0.699s] Level 5:colcon.colcon_core.verb:set package 'my_robot' build argument 'cmake_force_configure' from command line to 'False'
[0.699s] Level 5:colcon.colcon_core.verb:set package 'my_robot' build argument 'ament_cmake_args' from command line to 'None'
[0.699s] Level 5:colcon.colcon_core.verb:set package 'my_robot' build argument 'catkin_cmake_args' from command line to 'None'
[0.699s] Level 5:colcon.colcon_core.verb:set package 'my_robot' build argument 'catkin_skip_building_tests' from command line to 'False'
[0.699s] DEBUG:colcon.colcon_core.verb:Building package 'my_robot' with the following arguments: {'ament_cmake_args': None, 'build_base': '/home/angel/My_ws/src/my_robot/build/my_robot', 'catkin_cmake_args': None, 'catkin_skip_building_tests': False, 'cmake_args': None, 'cmake_clean_cache': False, 'cmake_clean_first': False, 'cmake_force_configure': False, 'cmake_target': None, 'cmake_target_skip_unavailable': False, 'install_base': '/home/angel/My_ws/src/my_robot/install/my_robot', 'merge_install': False, 'path': '/home/angel/My_ws/src/my_robot', 'symlink_install': True, 'test_result_base': None}
[0.700s] INFO:colcon.colcon_core.executor:Executing jobs using 'parallel' executor
[0.705s] DEBUG:colcon.colcon_parallel_executor.executor.parallel:run_until_complete
[0.705s] INFO:colcon.colcon_ros.task.ament_python.build:Building ROS package in '/home/angel/My_ws/src/my_robot' with build type 'ament_python'
[0.705s] Level 1:colcon.colcon_core.shell:create_environment_hook('my_robot', 'ament_prefix_path')
[0.736s] INFO:colcon.colcon_core.plugin_system:Skipping extension 'colcon_core.shell.bat': Not used on non-Windows systems
[0.736s] INFO:colcon.colcon_core.shell:Creating environment hook '/home/angel/My_ws/src/my_robot/install/my_robot/share/my_robot/hook/ament_prefix_path.ps1'
[0.738s] INFO:colcon.colcon_core.shell:Creating environment descriptor '/home/angel/My_ws/src/my_robot/install/my_robot/share/my_robot/hook/ament_prefix_path.dsv'
[0.739s] INFO:colcon.colcon_core.shell:Creating environment hook '/home/angel/My_ws/src/my_robot/install/my_robot/share/my_robot/hook/ament_prefix_path.sh'
[0.742s] INFO:colcon.colcon_core.shell:Skip shell extension 'powershell' for command environment: Not usable outside of PowerShell
[0.743s] DEBUG:colcon.colcon_core.shell:Skip shell extension 'dsv' for command environment
[1.140s] INFO:colcon.colcon_core.task.python.build:Building Python package in '/home/angel/My_ws/src/my_robot'
[1.142s] INFO:colcon.colcon_core.shell:Skip shell extension 'powershell' for command environment: Not usable outside of PowerShell
[1.142s] DEBUG:colcon.colcon_core.shell:Skip shell extension 'dsv' for command environment
[2.482s] DEBUG:colcon.colcon_core.event_handler.log_command:Invoking command in '/home/angel/My_ws/src/my_robot/build/my_robot': PYTHONPATH=/home/angel/My_ws/src/my_robot/build/my_robot/prefix_override:/home/angel/My_ws/src/my_robot/install/my_robot/lib/python3.10/site-packages:${PYTHONPATH} /usr/bin/python3 setup.py develop --editable --build-directory /home/angel/My_ws/src/my_robot/build/my_robot/build --no-deps install_data
[3.195s] Level 1:colcon.colcon_core.shell:create_environment_hook('my_robot', 'pythonpath_develop')
[3.197s] INFO:colcon.colcon_core.shell:Creating environment hook '/home/angel/My_ws/src/my_robot/build/my_robot/share/my_robot/hook/pythonpath_develop.ps1'
[3.198s] DEBUG:colcon.colcon_core.event_handler.log_command:Invoked command in '/home/angel/My_ws/src/my_robot/build/my_robot' returned '0': PYTHONPATH=/home/angel/My_ws/src/my_robot/build/my_robot/prefix_override:/home/angel/My_ws/src/my_robot/install/my_robot/lib/python3.10/site-packages:${PYTHONPATH} /usr/bin/python3 setup.py develop --editable --build-directory /home/angel/My_ws/src/my_robot/build/my_robot/build --no-deps install_data
[3.198s] INFO:colcon.colcon_core.shell:Creating environment descriptor '/home/angel/My_ws/src/my_robot/build/my_robot/share/my_robot/hook/pythonpath_develop.dsv'
[3.199s] INFO:colcon.colcon_core.shell:Creating environment hook '/home/angel/My_ws/src/my_robot/build/my_robot/share/my_robot/hook/pythonpath_develop.sh'
[3.281s] Level 1:colcon.colcon_core.environment:checking '/home/angel/My_ws/src/my_robot/install/my_robot' for CMake module files
[3.283s] Level 1:colcon.colcon_core.environment:checking '/home/angel/My_ws/src/my_robot/install/my_robot' for CMake config files
[3.286s] Level 1:colcon.colcon_core.environment:checking '/home/angel/My_ws/src/my_robot/install/my_robot/lib'
[3.286s] Level 1:colcon.colcon_core.environment:checking '/home/angel/My_ws/src/my_robot/install/my_robot/bin'
[3.287s] Level 1:colcon.colcon_core.environment:checking '/home/angel/My_ws/src/my_robot/install/my_robot/lib/pkgconfig/my_robot.pc'
[3.288s] Level 1:colcon.colcon_core.environment:checking '/home/angel/My_ws/src/my_robot/install/my_robot/lib/python3.10/site-packages'
[3.288s] Level 1:colcon.colcon_core.shell:create_environment_hook('my_robot', 'pythonpath')
[3.294s] INFO:colcon.colcon_core.shell:Creating environment hook '/home/angel/My_ws/src/my_robot/install/my_robot/share/my_robot/hook/pythonpath.ps1'
[3.296s] INFO:colcon.colcon_core.shell:Creating environment descriptor '/home/angel/My_ws/src/my_robot/install/my_robot/share/my_robot/hook/pythonpath.dsv'
[3.298s] INFO:colcon.colcon_core.shell:Creating environment hook '/home/angel/My_ws/src/my_robot/install/my_robot/share/my_robot/hook/pythonpath.sh'
[3.301s] Level 1:colcon.colcon_core.environment:checking '/home/angel/My_ws/src/my_robot/install/my_robot/bin'
[3.301s] Level 1:colcon.colcon_core.environment:create_environment_scripts_only(my_robot)
[3.305s] INFO:colcon.colcon_core.shell:Creating package script '/home/angel/My_ws/src/my_robot/install/my_robot/share/my_robot/package.ps1'
[3.307s] INFO:colcon.colcon_core.shell:Creating package descriptor '/home/angel/My_ws/src/my_robot/install/my_robot/share/my_robot/package.dsv'
[3.308s] INFO:colcon.colcon_core.shell:Creating package script '/home/angel/My_ws/src/my_robot/install/my_robot/share/my_robot/package.sh'
[3.310s] INFO:colcon.colcon_core.shell:Creating package script '/home/angel/My_ws/src/my_robot/install/my_robot/share/my_robot/package.bash'
[3.326s] INFO:colcon.colcon_core.shell:Creating package script '/home/angel/My_ws/src/my_robot/install/my_robot/share/my_robot/package.zsh'
[3.338s] Level 1:colcon.colcon_core.environment:create_file_with_runtime_dependencies(/home/angel/My_ws/src/my_robot/install/my_robot/share/colcon-core/packages/my_robot)
[3.338s] DEBUG:colcon.colcon_parallel_executor.executor.parallel:closing loop
[3.339s] DEBUG:colcon.colcon_parallel_executor.executor.parallel:loop closed
[3.339s] DEBUG:colcon.colcon_parallel_executor.executor.parallel:run_until_complete finished with '0'
[3.339s] DEBUG:colcon.colcon_core.event_reactor:joining thread
[3.386s] INFO:colcon.colcon_core.plugin_system:Skipping extension 'colcon_notification.desktop_notification.terminal_notifier': Not used on non-Darwin systems
[3.386s] INFO:colcon.colcon_core.plugin_system:Skipping extension 'colcon_notification.desktop_notification.win32': Not used on non-Windows systems
[3.386s] INFO:colcon.colcon_notification.desktop_notification:Sending desktop notification using 'notify2'
[3.416s] DEBUG:colcon.colcon_core.event_reactor:joined thread
[3.418s] INFO:colcon.colcon_core.shell:Creating prefix script '/home/angel/My_ws/src/my_robot/install/local_setup.ps1'
[3.420s] INFO:colcon.colcon_core.shell:Creating prefix util module '/home/angel/My_ws/src/my_robot/install/_local_setup_util_ps1.py'
[3.422s] INFO:colcon.colcon_core.shell:Creating prefix chain script '/home/angel/My_ws/src/my_robot/install/setup.ps1'
[3.425s] INFO:colcon.colcon_core.shell:Creating prefix script '/home/angel/My_ws/src/my_robot/install/local_setup.sh'
[3.426s] INFO:colcon.colcon_core.shell:Creating prefix util module '/home/angel/My_ws/src/my_robot/install/_local_setup_util_sh.py'
[3.426s] INFO:colcon.colcon_core.shell:Creating prefix chain script '/home/angel/My_ws/src/my_robot/install/setup.sh'
[3.429s] INFO:colcon.colcon_core.shell:Creating prefix script '/home/angel/My_ws/src/my_robot/install/local_setup.bash'
[3.430s] INFO:colcon.colcon_core.shell:Creating prefix chain script '/home/angel/My_ws/src/my_robot/install/setup.bash'
[3.432s] INFO:colcon.colcon_core.shell:Creating prefix script '/home/angel/My_ws/src/my_robot/install/local_setup.zsh'
[3.433s] INFO:colcon.colcon_core.shell:Creating prefix chain script '/home/angel/My_ws/src/my_robot/install/setup.zsh'
